<?xml version="1.0" encoding="UTF-8"?>
<!-- Generated by org.testng.reporters.JUnitXMLReporter -->
<testsuite hostname="Ramesh" ignored="0" name="Default test" tests="3" failures="0" timestamp="12 Feb 2019 03:45:39 GMT" time="58.656" errors="0">
  <testcase name="pagetitle" time="0.04" classname="com.crm.qa.TestCases.LoginTest"/>
  <testcase name="CRMImage" time="0.131" classname="com.crm.qa.TestCases.LoginTest"/>
  <testcase name="LoginTest1" time="7.733" classname="com.crm.qa.TestCases.LoginTest"/>
</testsuite> <!-- Default test -->
