<?xml version="1.0" encoding="UTF-8"?>
<testng-results skipped="0" failed="0" ignored="0" total="3" passed="3">
  <reporter-output>
  </reporter-output>
  <suite name="com.crm.qa.TestCases.LoginTest" duration-ms="39750" started-at="2019-02-12T04:10:37Z" finished-at="2019-02-12T04:11:17Z">
    <groups>
    </groups>
    <test name="Command line test" duration-ms="39750" started-at="2019-02-12T04:10:37Z" finished-at="2019-02-12T04:11:17Z">
      <class name="com.crm.qa.TestCases.LoginTest">
        <test-method status="PASS" signature="setUp()[pri:0, instance:com.crm.qa.TestCases.LoginTest@6615435c]" name="setUp" is-config="true" duration-ms="10868" started-at="2019-02-12T09:40:37Z" finished-at="2019-02-12T09:40:48Z">
          <reporter-output>
          </reporter-output>
        </test-method> <!-- setUp -->
        <test-method status="PASS" signature="pagetitle()[pri:0, instance:com.crm.qa.TestCases.LoginTest@6615435c]" name="pagetitle" duration-ms="60" started-at="2019-02-12T09:40:48Z" finished-at="2019-02-12T09:40:48Z">
          <reporter-output>
          </reporter-output>
        </test-method> <!-- pagetitle -->
        <test-method status="PASS" signature="TearDown()[pri:0, instance:com.crm.qa.TestCases.LoginTest@6615435c]" name="TearDown" is-config="true" duration-ms="684" started-at="2019-02-12T09:40:48Z" finished-at="2019-02-12T09:40:49Z">
          <reporter-output>
          </reporter-output>
        </test-method> <!-- TearDown -->
        <test-method status="PASS" signature="setUp()[pri:0, instance:com.crm.qa.TestCases.LoginTest@6615435c]" name="setUp" is-config="true" duration-ms="9666" started-at="2019-02-12T09:40:49Z" finished-at="2019-02-12T09:40:58Z">
          <reporter-output>
          </reporter-output>
        </test-method> <!-- setUp -->
        <test-method status="PASS" signature="CRMImage()[pri:2, instance:com.crm.qa.TestCases.LoginTest@6615435c]" name="CRMImage" duration-ms="81" started-at="2019-02-12T09:40:58Z" finished-at="2019-02-12T09:40:58Z">
          <reporter-output>
          </reporter-output>
        </test-method> <!-- CRMImage -->
        <test-method status="PASS" signature="TearDown()[pri:0, instance:com.crm.qa.TestCases.LoginTest@6615435c]" name="TearDown" is-config="true" duration-ms="687" started-at="2019-02-12T09:40:58Z" finished-at="2019-02-12T09:40:59Z">
          <reporter-output>
          </reporter-output>
        </test-method> <!-- TearDown -->
        <test-method status="PASS" signature="setUp()[pri:0, instance:com.crm.qa.TestCases.LoginTest@6615435c]" name="setUp" is-config="true" duration-ms="9786" started-at="2019-02-12T09:40:59Z" finished-at="2019-02-12T09:41:09Z">
          <reporter-output>
          </reporter-output>
        </test-method> <!-- setUp -->
        <test-method status="PASS" signature="LoginTest1()[pri:3, instance:com.crm.qa.TestCases.LoginTest@6615435c]" name="LoginTest1" duration-ms="7260" started-at="2019-02-12T09:41:09Z" finished-at="2019-02-12T09:41:16Z">
          <reporter-output>
          </reporter-output>
        </test-method> <!-- LoginTest1 -->
        <test-method status="PASS" signature="TearDown()[pri:0, instance:com.crm.qa.TestCases.LoginTest@6615435c]" name="TearDown" is-config="true" duration-ms="635" started-at="2019-02-12T09:41:16Z" finished-at="2019-02-12T09:41:17Z">
          <reporter-output>
          </reporter-output>
        </test-method> <!-- TearDown -->
      </class> <!-- com.crm.qa.TestCases.LoginTest -->
    </test> <!-- Command line test -->
  </suite> <!-- com.crm.qa.TestCases.LoginTest -->
</testng-results>
