<?xml version="1.0" encoding="UTF-8"?>
<testng-results skipped="0" failed="0" ignored="0" total="3" passed="3">
  <reporter-output>
  </reporter-output>
  <suite name="Free CRM Automation Testing" duration-ms="47870" started-at="2019-02-12T04:05:08Z" finished-at="2019-02-12T04:05:56Z">
    <groups>
    </groups>
    <test name="Free CRM Test Cases" duration-ms="47870" started-at="2019-02-12T04:05:08Z" finished-at="2019-02-12T04:05:56Z">
      <class name="com.crm.qa.TestCases.LoginTest">
        <test-method status="PASS" signature="setUp()[pri:0, instance:com.crm.qa.TestCases.LoginTest@754ba872]" name="setUp" is-config="true" duration-ms="13396" started-at="2019-02-12T09:35:08Z" finished-at="2019-02-12T09:35:21Z">
          <reporter-output>
          </reporter-output>
        </test-method> <!-- setUp -->
        <test-method status="PASS" signature="pagetitle()[pri:0, instance:com.crm.qa.TestCases.LoginTest@754ba872]" name="pagetitle" duration-ms="32" started-at="2019-02-12T09:35:21Z" finished-at="2019-02-12T09:35:21Z">
          <reporter-output>
          </reporter-output>
        </test-method> <!-- pagetitle -->
        <test-method status="PASS" signature="TearDown()[pri:0, instance:com.crm.qa.TestCases.LoginTest@754ba872]" name="TearDown" is-config="true" duration-ms="698" started-at="2019-02-12T09:35:21Z" finished-at="2019-02-12T09:35:22Z">
          <reporter-output>
          </reporter-output>
        </test-method> <!-- TearDown -->
        <test-method status="PASS" signature="setUp()[pri:0, instance:com.crm.qa.TestCases.LoginTest@754ba872]" name="setUp" is-config="true" duration-ms="13587" started-at="2019-02-12T09:35:22Z" finished-at="2019-02-12T09:35:35Z">
          <reporter-output>
          </reporter-output>
        </test-method> <!-- setUp -->
        <test-method status="PASS" signature="CRMImage()[pri:2, instance:com.crm.qa.TestCases.LoginTest@754ba872]" name="CRMImage" duration-ms="200" started-at="2019-02-12T09:35:35Z" finished-at="2019-02-12T09:35:36Z">
          <reporter-output>
          </reporter-output>
        </test-method> <!-- CRMImage -->
        <test-method status="PASS" signature="TearDown()[pri:0, instance:com.crm.qa.TestCases.LoginTest@754ba872]" name="TearDown" is-config="true" duration-ms="617" started-at="2019-02-12T09:35:36Z" finished-at="2019-02-12T09:35:36Z">
          <reporter-output>
          </reporter-output>
        </test-method> <!-- TearDown -->
        <test-method status="PASS" signature="setUp()[pri:0, instance:com.crm.qa.TestCases.LoginTest@754ba872]" name="setUp" is-config="true" duration-ms="10045" started-at="2019-02-12T09:35:36Z" finished-at="2019-02-12T09:35:46Z">
          <reporter-output>
          </reporter-output>
        </test-method> <!-- setUp -->
        <test-method status="PASS" signature="LoginTest1()[pri:3, instance:com.crm.qa.TestCases.LoginTest@754ba872]" name="LoginTest1" duration-ms="8232" started-at="2019-02-12T09:35:46Z" finished-at="2019-02-12T09:35:54Z">
          <reporter-output>
          </reporter-output>
        </test-method> <!-- LoginTest1 -->
        <test-method status="PASS" signature="TearDown()[pri:0, instance:com.crm.qa.TestCases.LoginTest@754ba872]" name="TearDown" is-config="true" duration-ms="1032" started-at="2019-02-12T09:35:54Z" finished-at="2019-02-12T09:35:56Z">
          <reporter-output>
          </reporter-output>
        </test-method> <!-- TearDown -->
      </class> <!-- com.crm.qa.TestCases.LoginTest -->
    </test> <!-- Free CRM Test Cases -->
  </suite> <!-- Free CRM Automation Testing -->
</testng-results>
