<?xml version="1.0" encoding="UTF-8"?>
<!-- Generated by org.testng.reporters.JUnitXMLReporter -->
<testsuite hostname="Ramesh" ignored="0" name="Command line test" tests="3" failures="0" timestamp="12 Feb 2019 04:11:17 GMT" time="39.75" errors="0">
  <testcase name="pagetitle" time="0.06" classname="com.crm.qa.TestCases.LoginTest"/>
  <testcase name="CRMImage" time="0.081" classname="com.crm.qa.TestCases.LoginTest"/>
  <testcase name="LoginTest1" time="7.26" classname="com.crm.qa.TestCases.LoginTest"/>
</testsuite> <!-- Command line test -->
