<?xml version="1.0" encoding="UTF-8"?>
<!-- Generated by org.testng.reporters.JUnitXMLReporter -->
<testsuite hostname="Ramesh" ignored="0" name="Free CRM Test Cases" tests="3" failures="0" timestamp="12 Feb 2019 04:05:56 GMT" time="47.87" errors="0">
  <testcase name="pagetitle" time="0.032" classname="com.crm.qa.TestCases.LoginTest"/>
  <testcase name="CRMImage" time="0.2" classname="com.crm.qa.TestCases.LoginTest"/>
  <testcase name="LoginTest1" time="8.232" classname="com.crm.qa.TestCases.LoginTest"/>
</testsuite> <!-- Free CRM Test Cases -->
